17:36:56,060 DEBUG SQL:131 - drop table if exists Book
17:36:56,114 DEBUG SQL:131 - create table Book (id bigint not null, isbn varchar(255), title varchar(255), primary key (id)) engine=InnoDB
17:36:56,284 DEBUG SQL:131 - insert into Book (isbn,title,id) values (?,?,?)
17:36:56,288 DEBUG SQL:131 - insert into Book (isbn,title,id) values (?,?,?)
17:36:56,288 DEBUG SQL:131 - insert into Book (isbn,title,id) values (?,?,?)
17:36:56,289 DEBUG SQL:131 - insert into Book (isbn,title,id) values (?,?,?)
17:36:56,289 DEBUG SQL:131 - insert into Book (isbn,title,id) values (?,?,?)
17:36:56,301 DEBUG SQL:131 - insert into Book (isbn,title,id) values (?,?,?)
17:36:56,302 DEBUG SQL:131 - insert into Book (isbn,title,id) values (?,?,?)
17:36:56,303 DEBUG SQL:131 - insert into Book (isbn,title,id) values (?,?,?)
17:36:56,303 DEBUG SQL:131 - insert into Book (isbn,title,id) values (?,?,?)
17:36:56,304 DEBUG SQL:131 - insert into Book (isbn,title,id) values (?,?,?)
17:36:56,309 DEBUG SQL:131 - insert into Book (isbn,title,id) values (?,?,?)
17:36:56,309 DEBUG SQL:131 - insert into Book (isbn,title,id) values (?,?,?)
17:36:56,310 DEBUG SQL:131 - insert into Book (isbn,title,id) values (?,?,?)
17:36:56,310 DEBUG SQL:131 - insert into Book (isbn,title,id) values (?,?,?)
17:36:56,311 DEBUG SQL:131 - insert into Book (isbn,title,id) values (?,?,?)
17:36:56,318 DEBUG SQL:131 - insert into Book (isbn,title,id) values (?,?,?)
17:36:56,318 DEBUG SQL:131 - insert into Book (isbn,title,id) values (?,?,?)
17:36:56,319 DEBUG SQL:131 - insert into Book (isbn,title,id) values (?,?,?)
17:36:56,320 DEBUG SQL:131 - insert into Book (isbn,title,id) values (?,?,?)
17:36:56,320 DEBUG SQL:131 - insert into Book (isbn,title,id) values (?,?,?)
17:36:56,327 DEBUG SQL:131 - insert into Book (isbn,title,id) values (?,?,?)
17:36:56,328 DEBUG SQL:131 - insert into Book (isbn,title,id) values (?,?,?)
17:36:56,329 DEBUG SQL:131 - insert into Book (isbn,title,id) values (?,?,?)
17:36:56,330 DEBUG SQL:131 - insert into Book (isbn,title,id) values (?,?,?)
17:36:56,330 DEBUG SQL:131 - insert into Book (isbn,title,id) values (?,?,?)
17:36:56,341  INFO StatisticalLoggingSessionEventListener:261 - Session Metrics {
    748500 nanoseconds spent acquiring 1 JDBC connections;
    634000 nanoseconds spent releasing 1 JDBC connections;
    24897700 nanoseconds spent preparing 5 JDBC statements;
    0 nanoseconds spent executing 0 JDBC statements;
    22780700 nanoseconds spent executing 5 JDBC batches;
    0 nanoseconds spent performing 0 L2C puts;
    0 nanoseconds spent performing 0 L2C hits;
    0 nanoseconds spent performing 0 L2C misses;
    89812700 nanoseconds spent executing 5 flushes (flushing a total of 25 entities and 0 collections);
    0 nanoseconds spent executing 0 partial-flushes (flushing a total of 0 entities and 0 collections)
}
